{"level":"info","message":"MongoDB Connected Successfully.","timestamp":"2020-05-27T00:57:56.547Z"}
{"level":"info","message":"MongoDB Connected Successfully.","timestamp":"2020-05-27T00:58:57.913Z"}
{"level":"info","message":"MongoDB Connected Successfully.","timestamp":"2020-05-27T01:00:00.104Z"}
{"message":"Could not get genres","stack":"Error: Could not get genres\n    at exports.getGenres (/Users/artmelkon/webdev/node-restful-vidly/controllers/genre.js:5:9)\n    at newFn (/Users/artmelkon/webdev/node-restful-vidly/node_modules/express-async-errors/index.js:16:20)\n    at Layer.handle [as handle_request] (/Users/artmelkon/webdev/node-restful-vidly/node_modules/express/lib/router/layer.js:95:5)\n    at next (/Users/artmelkon/webdev/node-restful-vidly/node_modules/express/lib/router/route.js:137:13)\n    at Route.dispatch (/Users/artmelkon/webdev/node-restful-vidly/node_modules/express/lib/router/route.js:112:3)\n    at newFn (/Users/artmelkon/webdev/node-restful-vidly/node_modules/express-async-errors/index.js:16:20)\n    at Layer.handle [as handle_request] (/Users/artmelkon/webdev/node-restful-vidly/node_modules/express/lib/router/layer.js:95:5)\n    at /Users/artmelkon/webdev/node-restful-vidly/node_modules/express/lib/router/index.js:281:22\n    at Function.process_params (/Users/artmelkon/webdev/node-restful-vidly/node_modules/express/lib/router/index.js:335:12)\n    at next (/Users/artmelkon/webdev/node-restful-vidly/node_modules/express/lib/router/index.js:275:10)\n    at Function.handle (/Users/artmelkon/webdev/node-restful-vidly/node_modules/express/lib/router/index.js:174:3)\n    at router (/Users/artmelkon/webdev/node-restful-vidly/node_modules/express/lib/router/index.js:47:12)\n    at newFn (/Users/artmelkon/webdev/node-restful-vidly/node_modules/express-async-errors/index.js:16:20)\n    at Layer.handle [as handle_request] (/Users/artmelkon/webdev/node-restful-vidly/node_modules/express/lib/router/layer.js:95:5)\n    at trim_prefix (/Users/artmelkon/webdev/node-restful-vidly/node_modules/express/lib/router/index.js:317:13)\n    at /Users/artmelkon/webdev/node-restful-vidly/node_modules/express/lib/router/index.js:284:7\n    at Function.process_params (/Users/artmelkon/webdev/node-restful-vidly/node_modules/express/lib/router/index.js:335:12)\n    at next (/Users/artmelkon/webdev/node-restful-vidly/node_modules/express/lib/router/index.js:275:10)\n    at urlencodedParser (/Users/artmelkon/webdev/node-restful-vidly/node_modules/body-parser/lib/types/urlencoded.js:91:7)\n    at newFn (/Users/artmelkon/webdev/node-restful-vidly/node_modules/express-async-errors/index.js:16:20)\n    at Layer.handle [as handle_request] (/Users/artmelkon/webdev/node-restful-vidly/node_modules/express/lib/router/layer.js:95:5)\n    at trim_prefix (/Users/artmelkon/webdev/node-restful-vidly/node_modules/express/lib/router/index.js:317:13)","level":"error","timestamp":"2020-05-27T01:01:22.864Z"}
{"level":"info","message":"MongoDB Connected Successfully.","timestamp":"2020-05-27T01:03:24.225Z"}
2020-05-27T01:05:02.339Z - [32minfo[39m: MongoDB Connected Successfully.
2020-05-27T01:05:06.645Z - [31merror[39m: Could not get genres message=Could not get genres, stack=Error: Could not get genres
    at exports.getGenres (/Users/artmelkon/webdev/node-restful-vidly/controllers/genre.js:5:9)
    at newFn (/Users/artmelkon/webdev/node-restful-vidly/node_modules/express-async-errors/index.js:16:20)
    at Layer.handle [as handle_request] (/Users/artmelkon/webdev/node-restful-vidly/node_modules/express/lib/router/layer.js:95:5)
    at next (/Users/artmelkon/webdev/node-restful-vidly/node_modules/express/lib/router/route.js:137:13)
    at Route.dispatch (/Users/artmelkon/webdev/node-restful-vidly/node_modules/express/lib/router/route.js:112:3)
    at newFn (/Users/artmelkon/webdev/node-restful-vidly/node_modules/express-async-errors/index.js:16:20)
    at Layer.handle [as handle_request] (/Users/artmelkon/webdev/node-restful-vidly/node_modules/express/lib/router/layer.js:95:5)
    at /Users/artmelkon/webdev/node-restful-vidly/node_modules/express/lib/router/index.js:281:22
    at Function.process_params (/Users/artmelkon/webdev/node-restful-vidly/node_modules/express/lib/router/index.js:335:12)
    at next (/Users/artmelkon/webdev/node-restful-vidly/node_modules/express/lib/router/index.js:275:10)
    at Function.handle (/Users/artmelkon/webdev/node-restful-vidly/node_modules/express/lib/router/index.js:174:3)
    at router (/Users/artmelkon/webdev/node-restful-vidly/node_modules/express/lib/router/index.js:47:12)
    at newFn (/Users/artmelkon/webdev/node-restful-vidly/node_modules/express-async-errors/index.js:16:20)
    at Layer.handle [as handle_request] (/Users/artmelkon/webdev/node-restful-vidly/node_modules/express/lib/router/layer.js:95:5)
    at trim_prefix (/Users/artmelkon/webdev/node-restful-vidly/node_modules/express/lib/router/index.js:317:13)
    at /Users/artmelkon/webdev/node-restful-vidly/node_modules/express/lib/router/index.js:284:7
    at Function.process_params (/Users/artmelkon/webdev/node-restful-vidly/node_modules/express/lib/router/index.js:335:12)
    at next (/Users/artmelkon/webdev/node-restful-vidly/node_modules/express/lib/router/index.js:275:10)
    at urlencodedParser (/Users/artmelkon/webdev/node-restful-vidly/node_modules/body-parser/lib/types/urlencoded.js:91:7)
    at newFn (/Users/artmelkon/webdev/node-restful-vidly/node_modules/express-async-errors/index.js:16:20)
    at Layer.handle [as handle_request] (/Users/artmelkon/webdev/node-restful-vidly/node_modules/express/lib/router/layer.js:95:5)
    at trim_prefix (/Users/artmelkon/webdev/node-restful-vidly/node_modules/express/lib/router/index.js:317:13)
