{"date":"Tue May 26 2020 22:41:22 GMT-0700 (Pacific Daylight Time)","process":{"pid":79965,"uid":501,"gid":20,"cwd":"/Users/artmelkon/webdev/node-restful-vidly","execPath":"/usr/local/bin/node","version":"v12.16.3","argv":["/usr/local/bin/node","/Users/artmelkon/webdev/node-restful-vidly/app.js"],"memoryUsage":{"rss":66727936,"heapTotal":54493184,"heapUsed":22727776,"external":37352726}},"os":{"loadavg":[1.71826171875,1.576171875,1.4287109375],"uptime":1124992},"trace":[{"column":26,"file":"/Users/artmelkon/webdev/node-restful-vidly/utils/logging.js","function":"module.exports","line":31,"method":"exports","native":false},{"column":27,"file":"/Users/artmelkon/webdev/node-restful-vidly/app.js","function":null,"line":12,"method":null,"native":false},{"column":30,"file":"internal/modules/cjs/loader.js","function":"Module._compile","line":1133,"method":"_compile","native":false},{"column":10,"file":"internal/modules/cjs/loader.js","function":"Module._extensions..js","line":1153,"method":".js","native":false},{"column":32,"file":"internal/modules/cjs/loader.js","function":"Module.load","line":977,"method":"load","native":false},{"column":14,"file":"internal/modules/cjs/loader.js","function":"Module._load","line":877,"method":"_load","native":false},{"column":12,"file":"internal/modules/run_main.js","function":"Function.executeUserEntryPoint [as runMain]","line":74,"method":"executeUserEntryPoint [as runMain]","native":false},{"column":47,"file":"internal/main/run_main_module.js","function":null,"line":18,"method":null,"native":false}],"stack":["Error: Something failed misarably!","    at module.exports (/Users/artmelkon/webdev/node-restful-vidly/utils/logging.js:31:26)","    at Object.<anonymous> (/Users/artmelkon/webdev/node-restful-vidly/app.js:12:27)","    at Module._compile (internal/modules/cjs/loader.js:1133:30)","    at Object.Module._extensions..js (internal/modules/cjs/loader.js:1153:10)","    at Module.load (internal/modules/cjs/loader.js:977:32)","    at Function.Module._load (internal/modules/cjs/loader.js:877:14)","    at Function.executeUserEntryPoint [as runMain] (internal/modules/run_main.js:74:12)","    at internal/main/run_main_module.js:18:47"],"level":"error","message":"uncaughtException: Something failed misarably!","timestamp":"2020-05-27T05:41:22.138Z"}
{"date":"Tue May 26 2020 22:45:10 GMT-0700 (Pacific Daylight Time)","process":{"pid":80139,"uid":501,"gid":20,"cwd":"/Users/artmelkon/webdev/node-restful-vidly","execPath":"/usr/local/bin/node","version":"v12.16.3","argv":["/usr/local/bin/node","/Users/artmelkon/webdev/node-restful-vidly/app.js"],"memoryUsage":{"rss":65425408,"heapTotal":36667392,"heapUsed":24046056,"external":37982712}},"os":{"loadavg":[1.2978515625,1.59228515625,1.4736328125],"uptime":1125220},"trace":[{"column":26,"file":"/Users/artmelkon/webdev/node-restful-vidly/utils/logging.js","function":"module.exports","line":33,"method":"exports","native":false},{"column":27,"file":"/Users/artmelkon/webdev/node-restful-vidly/app.js","function":null,"line":7,"method":null,"native":false},{"column":30,"file":"internal/modules/cjs/loader.js","function":"Module._compile","line":1133,"method":"_compile","native":false},{"column":10,"file":"internal/modules/cjs/loader.js","function":"Module._extensions..js","line":1153,"method":".js","native":false},{"column":32,"file":"internal/modules/cjs/loader.js","function":"Module.load","line":977,"method":"load","native":false},{"column":14,"file":"internal/modules/cjs/loader.js","function":"Module._load","line":877,"method":"_load","native":false},{"column":12,"file":"internal/modules/run_main.js","function":"Function.executeUserEntryPoint [as runMain]","line":74,"method":"executeUserEntryPoint [as runMain]","native":false},{"column":47,"file":"internal/main/run_main_module.js","function":null,"line":18,"method":null,"native":false}],"stack":["Error: Something failed misarably!","    at module.exports (/Users/artmelkon/webdev/node-restful-vidly/utils/logging.js:33:26)","    at Object.<anonymous> (/Users/artmelkon/webdev/node-restful-vidly/app.js:7:27)","    at Module._compile (internal/modules/cjs/loader.js:1133:30)","    at Object.Module._extensions..js (internal/modules/cjs/loader.js:1153:10)","    at Module.load (internal/modules/cjs/loader.js:977:32)","    at Function.Module._load (internal/modules/cjs/loader.js:877:14)","    at Function.executeUserEntryPoint [as runMain] (internal/modules/run_main.js:74:12)","    at internal/main/run_main_module.js:18:47"],"level":"error","message":"uncaughtException: Something failed misarably!","timestamp":"2020-05-27T05:45:10.641Z"}
2020-05-27T05:47:25.321Z - [31merror[39m: uncaughtException: Something failed misarably! date=Tue May 26 2020 22:47:25 GMT-0700 (Pacific Daylight Time), pid=80205, uid=501, gid=20, cwd=/Users/artmelkon/webdev/node-restful-vidly, execPath=/usr/local/bin/node, version=v12.16.3, argv=[/usr/local/bin/node, /Users/artmelkon/webdev/node-restful-vidly/app.js], rss=64028672, heapTotal=36667392, heapUsed=24022808, external=37982712, loadavg=[1.67138671875, 1.755859375, 1.56494140625], uptime=1125355, trace=[column=26, file=/Users/artmelkon/webdev/node-restful-vidly/utils/logging.js, function=module.exports, line=38, method=exports, native=false, column=27, file=/Users/artmelkon/webdev/node-restful-vidly/app.js, function=null, line=7, method=null, native=false, column=30, file=internal/modules/cjs/loader.js, function=Module._compile, line=1133, method=_compile, native=false, column=10, file=internal/modules/cjs/loader.js, function=Module._extensions..js, line=1153, method=.js, native=false, column=32, file=internal/modules/cjs/loader.js, function=Module.load, line=977, method=load, native=false, column=14, file=internal/modules/cjs/loader.js, function=Module._load, line=877, method=_load, native=false, column=12, file=internal/modules/run_main.js, function=Function.executeUserEntryPoint [as runMain], line=74, method=executeUserEntryPoint [as runMain], native=false, column=47, file=internal/main/run_main_module.js, function=null, line=18, method=null, native=false], stack=[Error: Something failed misarably!,     at module.exports (/Users/artmelkon/webdev/node-restful-vidly/utils/logging.js:38:26),     at Object.<anonymous> (/Users/artmelkon/webdev/node-restful-vidly/app.js:7:27),     at Module._compile (internal/modules/cjs/loader.js:1133:30),     at Object.Module._extensions..js (internal/modules/cjs/loader.js:1153:10),     at Module.load (internal/modules/cjs/loader.js:977:32),     at Function.Module._load (internal/modules/cjs/loader.js:877:14),     at Function.executeUserEntryPoint [as runMain] (internal/modules/run_main.js:74:12),     at internal/main/run_main_module.js:18:47]
2020-05-27T05:48:57.439Z - [31merror[39m: uncaughtException: Something failed misarably! 
{
  date: [32m'Tue May 26 2020 22:48:57 GMT-0700 (Pacific Daylight Time)'[39m,
  process: {
    pid: [33m80291[39m,
    uid: [33m501[39m,
    gid: [33m20[39m,
    cwd: [32m'/Users/artmelkon/webdev/node-restful-vidly'[39m,
    execPath: [32m'/usr/local/bin/node'[39m,
    version: [32m'v12.16.3'[39m,
    argv: [
      [32m'/usr/local/bin/node'[39m,
      [32m'/Users/artmelkon/webdev/node-restful-vidly/app.js'[39m
    ],
    memoryUsage: {
      rss: [33m64880640[39m,
      heapTotal: [33m36667392[39m,
      heapUsed: [33m23987840[39m,
      external: [33m37990930[39m
    }
  },
  os: {
    loadavg: [ [33m1.33251953125[39m, [33m1.64892578125[39m, [33m1.5439453125[39m ],
    uptime: [33m1125447[39m
  },
  trace: [
    {
      column: [33m26[39m,
      file: [32m'/Users/artmelkon/webdev/node-restful-vidly/utils/logging.js'[39m,
      function: [32m'module.exports'[39m,
      line: [33m38[39m,
      method: [32m'exports'[39m,
      native: [33mfalse[39m
    },
    {
      column: [33m27[39m,
      file: [32m'/Users/artmelkon/webdev/node-restful-vidly/app.js'[39m,
      function: [1mnull[22m,
      line: [33m7[39m,
      method: [1mnull[22m,
      native: [33mfalse[39m
    },
    {
      column: [33m30[39m,
      file: [32m'internal/modules/cjs/loader.js'[39m,
      function: [32m'Module._compile'[39m,
      line: [33m1133[39m,
      method: [32m'_compile'[39m,
      native: [33mfalse[39m
    },
    {
      column: [33m10[39m,
      file: [32m'internal/modules/cjs/loader.js'[39m,
      function: [32m'Module._extensions..js'[39m,
      line: [33m1153[39m,
      method: [32m'.js'[39m,
      native: [33mfalse[39m
    },
    {
      column: [33m32[39m,
      file: [32m'internal/modules/cjs/loader.js'[39m,
      function: [32m'Module.load'[39m,
      line: [33m977[39m,
      method: [32m'load'[39m,
      native: [33mfalse[39m
    },
    {
      column: [33m14[39m,
      file: [32m'internal/modules/cjs/loader.js'[39m,
      function: [32m'Module._load'[39m,
      line: [33m877[39m,
      method: [32m'_load'[39m,
      native: [33mfalse[39m
    },
    {
      column: [33m12[39m,
      file: [32m'internal/modules/run_main.js'[39m,
      function: [32m'Function.executeUserEntryPoint [as runMain]'[39m,
      line: [33m74[39m,
      method: [32m'executeUserEntryPoint [as runMain]'[39m,
      native: [33mfalse[39m
    },
    {
      column: [33m47[39m,
      file: [32m'internal/main/run_main_module.js'[39m,
      function: [1mnull[22m,
      line: [33m18[39m,
      method: [1mnull[22m,
      native: [33mfalse[39m
    }
  ],
  stack: [
    [32m'Error: Something failed misarably!'[39m,
    [32m'    at module.exports (/Users/artmelkon/webdev/node-restful-vidly/utils/logging.js:38:26)'[39m,
    [32m'    at Object.<anonymous> (/Users/artmelkon/webdev/node-restful-vidly/app.js:7:27)'[39m,
    [32m'    at Module._compile (internal/modules/cjs/loader.js:1133:30)'[39m,
    [32m'    at Object.Module._extensions..js (internal/modules/cjs/loader.js:1153:10)'[39m,
    [32m'    at Module.load (internal/modules/cjs/loader.js:977:32)'[39m,
    [32m'    at Function.Module._load (internal/modules/cjs/loader.js:877:14)'[39m,
    [32m'    at Function.executeUserEntryPoint [as runMain] (internal/modules/run_main.js:74:12)'[39m,
    [32m'    at internal/main/run_main_module.js:18:47'[39m
  ]
}
2020-05-27T05:49:39.711Z - [31merror[39m: uncaughtException: Something failed misarably! date=Tue May 26 2020 22:49:39 GMT-0700 (Pacific Daylight Time), pid=80324, uid=501, gid=20, cwd=/Users/artmelkon/webdev/node-restful-vidly, execPath=/usr/local/bin/node, version=v12.16.3, argv=[/usr/local/bin/node, /Users/artmelkon/webdev/node-restful-vidly/app.js], rss=64950272, heapTotal=36405248, heapUsed=23948040, external=37982712, loadavg=[1.18310546875, 1.57861328125, 1.5224609375], uptime=1125489, trace=[column=26, file=/Users/artmelkon/webdev/node-restful-vidly/utils/logging.js, function=module.exports, line=38, method=exports, native=false, column=27, file=/Users/artmelkon/webdev/node-restful-vidly/app.js, function=null, line=7, method=null, native=false, column=30, file=internal/modules/cjs/loader.js, function=Module._compile, line=1133, method=_compile, native=false, column=10, file=internal/modules/cjs/loader.js, function=Module._extensions..js, line=1153, method=.js, native=false, column=32, file=internal/modules/cjs/loader.js, function=Module.load, line=977, method=load, native=false, column=14, file=internal/modules/cjs/loader.js, function=Module._load, line=877, method=_load, native=false, column=12, file=internal/modules/run_main.js, function=Function.executeUserEntryPoint [as runMain], line=74, method=executeUserEntryPoint [as runMain], native=false, column=47, file=internal/main/run_main_module.js, function=null, line=18, method=null, native=false], stack=[Error: Something failed misarably!,     at module.exports (/Users/artmelkon/webdev/node-restful-vidly/utils/logging.js:38:26),     at Object.<anonymous> (/Users/artmelkon/webdev/node-restful-vidly/app.js:7:27),     at Module._compile (internal/modules/cjs/loader.js:1133:30),     at Object.Module._extensions..js (internal/modules/cjs/loader.js:1153:10),     at Module.load (internal/modules/cjs/loader.js:977:32),     at Function.Module._load (internal/modules/cjs/loader.js:877:14),     at Function.executeUserEntryPoint [as runMain] (internal/modules/run_main.js:74:12),     at internal/main/run_main_module.js:18:47]
2020-05-27T23:49:38.410Z - [31merror[39m: uncaughtException: Something failed misarably! date=Wed May 27 2020 16:49:38 GMT-0700 (Pacific Daylight Time), pid=84540, uid=501, gid=20, cwd=/Users/artmelkon/webdev/node-restful-vidly, execPath=/usr/local/bin/node, version=v12.16.3, argv=[/usr/local/bin/node, /Users/artmelkon/webdev/node-restful-vidly/app.js], rss=66834432, heapTotal=36667392, heapUsed=23974168, external=37974520, loadavg=[1.8955078125, 1.671875, 1.416015625], uptime=1190288, trace=[column=28, file=/Users/artmelkon/webdev/node-restful-vidly/utils/logging.js, function=module.exports, line=40, method=exports, native=false, column=27, file=/Users/artmelkon/webdev/node-restful-vidly/app.js, function=null, line=4, method=null, native=false, column=30, file=internal/modules/cjs/loader.js, function=Module._compile, line=1133, method=_compile, native=false, column=10, file=internal/modules/cjs/loader.js, function=Module._extensions..js, line=1153, method=.js, native=false, column=32, file=internal/modules/cjs/loader.js, function=Module.load, line=977, method=load, native=false, column=14, file=internal/modules/cjs/loader.js, function=Module._load, line=877, method=_load, native=false, column=12, file=internal/modules/run_main.js, function=Function.executeUserEntryPoint [as runMain], line=74, method=executeUserEntryPoint [as runMain], native=false, column=47, file=internal/main/run_main_module.js, function=null, line=18, method=null, native=false], stack=[Error: Something failed misarably!,     at module.exports (/Users/artmelkon/webdev/node-restful-vidly/utils/logging.js:40:28),     at Object.<anonymous> (/Users/artmelkon/webdev/node-restful-vidly/app.js:4:27),     at Module._compile (internal/modules/cjs/loader.js:1133:30),     at Object.Module._extensions..js (internal/modules/cjs/loader.js:1153:10),     at Module.load (internal/modules/cjs/loader.js:977:32),     at Function.Module._load (internal/modules/cjs/loader.js:877:14),     at Function.executeUserEntryPoint [as runMain] (internal/modules/run_main.js:74:12),     at internal/main/run_main_module.js:18:47]
2020-05-27T23:50:20.107Z - [31merror[39m: uncaughtException: Something failed misarably! date=Wed May 27 2020 16:50:20 GMT-0700 (Pacific Daylight Time), pid=84592, uid=501, gid=20, cwd=/Users/artmelkon/webdev/node-restful-vidly, execPath=/usr/local/bin/node, version=v12.16.3, argv=[/usr/local/bin/node, /Users/artmelkon/webdev/node-restful-vidly/app.js], rss=64864256, heapTotal=36667392, heapUsed=23919712, external=37970359, loadavg=[1.55859375, 1.61669921875, 1.40673828125], uptime=1190330, trace=[column=28, file=/Users/artmelkon/webdev/node-restful-vidly/utils/logging.js, function=module.exports, line=40, method=exports, native=false, column=27, file=/Users/artmelkon/webdev/node-restful-vidly/app.js, function=null, line=4, method=null, native=false, column=30, file=internal/modules/cjs/loader.js, function=Module._compile, line=1133, method=_compile, native=false, column=10, file=internal/modules/cjs/loader.js, function=Module._extensions..js, line=1153, method=.js, native=false, column=32, file=internal/modules/cjs/loader.js, function=Module.load, line=977, method=load, native=false, column=14, file=internal/modules/cjs/loader.js, function=Module._load, line=877, method=_load, native=false, column=12, file=internal/modules/run_main.js, function=Function.executeUserEntryPoint [as runMain], line=74, method=executeUserEntryPoint [as runMain], native=false, column=47, file=internal/main/run_main_module.js, function=null, line=18, method=null, native=false], stack=[Error: Something failed misarably!,     at module.exports (/Users/artmelkon/webdev/node-restful-vidly/utils/logging.js:40:28),     at Object.<anonymous> (/Users/artmelkon/webdev/node-restful-vidly/app.js:4:27),     at Module._compile (internal/modules/cjs/loader.js:1133:30),     at Object.Module._extensions..js (internal/modules/cjs/loader.js:1153:10),     at Module.load (internal/modules/cjs/loader.js:977:32),     at Function.Module._load (internal/modules/cjs/loader.js:877:14),     at Function.executeUserEntryPoint [as runMain] (internal/modules/run_main.js:74:12),     at internal/main/run_main_module.js:18:47]
